<?xml version="1.0" encoding="UTF-8"?>
<!-- Generated by org.testng.reporters.JUnitReportReporter -->
<testsuite hostname="DinendraZenbook" failures="0" tests="2" name="Test.Test2_TestNG" time="0.004" errors="0" timestamp="2024-01-28T19:16:24 IST" skipped="0">
  <testcase classname="Test.Test2_TestNG" name="SecondTest1" time="0.002"/>
  <testcase classname="Test.Test2_TestNG" name="demo1" time="0.002"/>
</testsuite> <!-- Test.Test2_TestNG -->
