<?xml version="1.0" encoding="UTF-8"?>
<!-- Generated by org.testng.reporters.JUnitReportReporter -->
<testsuite hostname="DinendraZenbook" failures="0" tests="3" name="Test.TestNG_Test" time="0.037" errors="0" timestamp="2024-01-28T19:16:24 IST" skipped="0">
  <testcase classname="Test.TestNG_Test" name="SecondTest" time="0.020"/>
  <testcase classname="Test.TestNG_Test" name="SecondTest" time="0.010"/>
  <testcase classname="Test.TestNG_Test" name="demo" time="0.007"/>
</testsuite> <!-- Test.TestNG_Test -->
