<?xml version="1.0" encoding="UTF-8"?>
<!-- Generated by org.testng.reporters.JUnitReportReporter -->
<testsuite hostname="DinendraZenbook" failures="0" tests="4" name="Test.Test3" time="0.008" errors="0" timestamp="2024-01-28T19:16:24 IST" skipped="0">
  <testcase classname="Test.Test3" name="demo2" time="0.002"/>
  <testcase classname="Test.Test3" name="demo2" time="0.001"/>
  <testcase classname="Test.Test3" name="demo2" time="0.003"/>
  <testcase classname="Test.Test3" name="demo3" time="0.002"/>
</testsuite> <!-- Test.Test3 -->
